[32m2024-07-07 15:24:52 +0300[0m - dagster - [34mDEBUG[0m - __ASSET_JOB - ee4bc75c-8e38-4be6-b1f2-055b86fe433e - 37433 - LOGS_CAPTURED - Started capturing logs in process (pid: 37433).
[32m2024-07-07 15:24:52 +0300[0m - dagster - [34mDEBUG[0m - __ASSET_JOB - ee4bc75c-8e38-4be6-b1f2-055b86fe433e - 37433 - trips_by_week - STEP_START - Started execution of step "trips_by_week".
[32m2024-07-07 15:24:52 +0300[0m - dagster - [34mERROR[0m - [31m__ASSET_JOB - ee4bc75c-8e38-4be6-b1f2-055b86fe433e - 37433 - trips_by_week - STEP_FAILURE - Execution of step "trips_by_week" failed.

dagster._core.errors.DagsterExecutionStepExecutionError: Error occurred while executing op "trips_by_week"::

duckdb.duckdb.IOException: IO Error: Could not set lock on file "/Users/abdulrahman/Documents/Dagster/dagster_university/data/staging/data.duckdb": Conflicting lock is held in /Applications/DBeaver.app/Contents/MacOS/dbeaver (PID 37062) by user abdulrahman. See also https://duckdb.org/docs/connect/concurrency

Stack Trace:
  File "/Users/abdulrahman/Documents/Dagster/venv/lib/python3.11/site-packages/dagster/_core/execution/plan/utils.py", line 54, in op_execution_error_boundary
    yield
  File "/Users/abdulrahman/Documents/Dagster/venv/lib/python3.11/site-packages/dagster/_utils/__init__.py", line 468, in iterate_with_context
    next_output = next(iterator)
                  ^^^^^^^^^^^^^^
  File "/Users/abdulrahman/Documents/Dagster/venv/lib/python3.11/site-packages/dagster/_core/execution/plan/compute_generator.py", line 141, in _coerce_op_compute_fn_to_iterator
    result = invoke_compute_fn(
             ^^^^^^^^^^^^^^^^^^
  File "/Users/abdulrahman/Documents/Dagster/venv/lib/python3.11/site-packages/dagster/_core/execution/plan/compute_generator.py", line 129, in invoke_compute_fn
    return fn(context, **args_to_pass) if context_arg_provided else fn(**args_to_pass)
                                                                    ^^^^^^^^^^^^^^^^^^
  File "/Users/abdulrahman/Documents/Dagster/dagster_university/dagster_university/assets/metrics.py", line 66, in trips_by_week
    conn = duckdb.connect(os.getenv("DUCKDB_DATABASE"))
           ^^^^^^^^^^^^^^^^^^^^^^^^^^^^^^^^^^^^^^^^^^^^
[0m
